=== DS SDTM Mapping Log ===
Execution started: 2026-04-13 12:43:56 
R version: R version 4.5.0 (2025-04-11) 

Packages loaded successfully.

Source data loaded.
  ds_raw:  850  rows x  13  cols
  dm:      306  rows x  28  cols

Controlled terminology loaded from: ~/Analytical-Data-Science-Programmer-Coding-Assessment/sdtm_ct.csv 
  study_ct:  164  rows

Oak ID variables generated.
G3;ℹ These terms could not be mapped per the controlled terminology: "Randomized", "Completed", "Study Terminated by Sponsor", "Screen Failure", and "Lost to Follow-Up".
gTopic variable DSDECOD mapped (CT codelist C66727).
G3;ℹ These terms could not be mapped per the controlled terminology: "Ambul Ecg Removal", "Unscheduled 6.1", "Unscheduled 1.1", "Unscheduled 5.1", "Unscheduled 4.1", "Unscheduled 8.2", and "Unscheduled 13.1".
gG3;ℹ These terms could not be mapped per the controlled terminology: "Ambul Ecg Removal", "Unscheduled 6.1", "Unscheduled 1.1", "Unscheduled 5.1", "Unscheduled 4.1", "Unscheduled 8.2", and "Unscheduled 13.1".
gAll variable mappings complete.
Derived DSSEQ, DSSTDY, and finalised column selection.
Final DS dataset:  850  rows x  12  cols

Output written to: ~/Analytical-Data-Science-Programmer-Coding-Assessment/question_1_stdm/DS.csv 

=== Execution completed successfully ===
Finished: 2026-04-13 12:43:58 
