=== AE Summary Table Creation Log ===
Execution started: 2026-04-13 17:49:18 
R version: R version 4.5.0 (2025-04-11) 

G3;
Attaching package: ‘dplyr’

gG3;The following objects are masked from ‘package:stats’:

    filter, lag

gG3;The following objects are masked from ‘package:base’:

    intersect, setdiff, setequal, union

gLoaded packages:
   pharmaverseadam : 1.3.0 
   gtsummary : 2.5.0 
   dplyr : 1.2.1 
   gt : 1.3.0 

Source data loaded:
  ADAE: 1191 records, 225 subjects
  ADSL: 306 subjects

TEAEs after filter: 1122 records, 217 subjects

Hierarchical table constructed.
Table sorted by descending frequency.
G3;file:////tmp/slurmjob.23594968/Rtmpj6Yr6I/file1edc9c2c667563.html screenshot completed
gPDF saved: ~/Analytical-Data-Science-Programmer-Coding-Assessment/question_3_tlg/ae_summary_table.pdf 
HTML saved: ~/Analytical-Data-Science-Programmer-Coding-Assessment/question_3_tlg/ae_summary_table.html 

=== AE Summary Table creation completed successfully ===
Finished: 2026-04-13 17:49:31 
